======================================================================
RELATÓRIO: MonitorSys (production)
Data: 2026-01-12 | Hora: 13:55:45
Hostname: devops-debian
======================================================================

=== [CPU] ===
Load Average: 0,25, 0,09, 0,02

=== [MEMÓRIA] ===
Mem.:          3,8Gi       568Mi       2,6Gi       1,7Mi       913Mi       3,2Gi
Swap:          1,1Gi          0B       1,1Gi

=== [DISCO] ===
Sist. Arq.      Tam. Usado Disp. Uso% Montado em
/dev/sda1        19G  1,3G   17G   8% /

=== [TEMPERATURA] ===
Sensores não disponíveis.

----------------------------------------------------------------------
Fim da execução: 13:55:45
----------------------------------------------------------------------

======================================================================
RELATÓRIO: MonitorSys (production)
Data: 2026-01-12 | Hora: 13:56:00
Hostname: devops-debian
======================================================================

=== [CPU] ===
Load Average: 0,19, 0,09, 0,02

=== [MEMÓRIA] ===
Mem.:          3,8Gi       568Mi       2,6Gi       1,7Mi       913Mi       3,2Gi
Swap:          1,1Gi          0B       1,1Gi

=== [DISCO] ===
Sist. Arq.      Tam. Usado Disp. Uso% Montado em
/dev/sda1        19G  1,3G   17G   8% /

=== [TEMPERATURA] ===
Sensores não disponíveis.

----------------------------------------------------------------------
Fim da execução: 13:56:00
----------------------------------------------------------------------

